<?xml version="1.0" encoding="UTF-8"?>
<coverage generated="1538198556890" clover="3.2.0">
  <project timestamp="1538198556890" name="All files">
    <metrics statements="100" coveredstatements="29" conditionals="12" coveredconditionals="1" methods="35" coveredmethods="4" elements="147" coveredelements="34" complexity="0" loc="100" ncloc="100" packages="7" files="8" classes="8">
      <package name="src">
        <metrics statements="1" coveredstatements="1" conditionals="0" coveredconditionals="0" methods="0" coveredmethods="0"/>
        <file name="index.js" path="C:\VSCode Files\React\react-spotify-api\src\index.js">
          <metrics statements="1" coveredstatements="1" conditionals="0" coveredconditionals="0" methods="0" coveredmethods="0"/>
          <line num="8" count="1" type="stmt"/>
        </file>
      </package>
      <package name="src.Components.Album">
        <metrics statements="14" coveredstatements="8" conditionals="2" coveredconditionals="1" methods="4" coveredmethods="1"/>
        <file name="Album.js" path="C:\VSCode Files\React\react-spotify-api\src\Components\Album\Album.js">
          <metrics statements="14" coveredstatements="8" conditionals="2" coveredconditionals="1" methods="4" coveredmethods="1"/>
          <line num="4" count="1" type="stmt"/>
          <line num="6" count="1" type="stmt"/>
          <line num="7" count="2" type="stmt"/>
          <line num="8" count="2" type="stmt"/>
          <line num="9" count="2" type="cond" truecount="1" falsecount="1"/>
          <line num="10" count="0" type="stmt"/>
          <line num="12" count="2" type="stmt"/>
          <line num="15" count="2" type="stmt"/>
          <line num="17" count="0" type="stmt"/>
          <line num="22" count="1" type="stmt"/>
          <line num="23" count="0" type="stmt"/>
          <line num="24" count="0" type="stmt"/>
          <line num="26" count="0" type="stmt"/>
          <line num="28" count="0" type="stmt"/>
        </file>
      </package>
      <package name="src.Components.ApiRequest">
        <metrics statements="8" coveredstatements="4" conditionals="0" coveredconditionals="0" methods="7" coveredmethods="3"/>
        <file name="ApiRequest.js" path="C:\VSCode Files\React\react-spotify-api\src\Components\ApiRequest\ApiRequest.js">
          <metrics statements="4" coveredstatements="3" conditionals="0" coveredconditionals="0" methods="4" coveredmethods="3"/>
          <line num="11" count="2" type="stmt"/>
          <line num="19" count="0" type="stmt"/>
          <line num="22" count="2" type="stmt"/>
          <line num="27" count="3" type="stmt"/>
        </file>
        <file name="ApiRequestWrapper.js" path="C:\VSCode Files\React\react-spotify-api\src\Components\ApiRequest\ApiRequestWrapper.js">
          <metrics statements="4" coveredstatements="1" conditionals="0" coveredconditionals="0" methods="3" coveredmethods="0"/>
          <line num="5" count="1" type="stmt"/>
          <line num="6" count="0" type="stmt"/>
          <line num="9" count="0" type="stmt"/>
          <line num="11" count="0" type="stmt"/>
        </file>
      </package>
      <package name="src.Components.Artist">
        <metrics statements="24" coveredstatements="5" conditionals="2" coveredconditionals="0" methods="8" coveredmethods="0"/>
        <file name="Artist.js" path="C:\VSCode Files\React\react-spotify-api\src\Components\Artist\Artist.js">
          <metrics statements="24" coveredstatements="5" conditionals="2" coveredconditionals="0" methods="8" coveredmethods="0"/>
          <line num="4" count="1" type="stmt"/>
          <line num="6" count="1" type="stmt"/>
          <line num="7" count="0" type="stmt"/>
          <line num="8" count="0" type="stmt"/>
          <line num="9" count="0" type="cond" truecount="0" falsecount="2"/>
          <line num="10" count="0" type="stmt"/>
          <line num="12" count="0" type="stmt"/>
          <line num="14" count="0" type="stmt"/>
          <line num="16" count="0" type="stmt"/>
          <line num="21" count="1" type="stmt"/>
          <line num="22" count="0" type="stmt"/>
          <line num="23" count="0" type="stmt"/>
          <line num="24" count="0" type="stmt"/>
          <line num="26" count="0" type="stmt"/>
          <line num="31" count="1" type="stmt"/>
          <line num="32" count="0" type="stmt"/>
          <line num="33" count="0" type="stmt"/>
          <line num="36" count="0" type="stmt"/>
          <line num="38" count="0" type="stmt"/>
          <line num="43" count="1" type="stmt"/>
          <line num="44" count="0" type="stmt"/>
          <line num="45" count="0" type="stmt"/>
          <line num="47" count="0" type="stmt"/>
          <line num="49" count="0" type="stmt"/>
        </file>
      </package>
      <package name="src.Components.Playlist">
        <metrics statements="15" coveredstatements="4" conditionals="0" coveredconditionals="0" methods="6" coveredmethods="0"/>
        <file name="Playlist.js" path="C:\VSCode Files\React\react-spotify-api\src\Components\Playlist\Playlist.js">
          <metrics statements="15" coveredstatements="4" conditionals="0" coveredconditionals="0" methods="6" coveredmethods="0"/>
          <line num="4" count="1" type="stmt"/>
          <line num="6" count="1" type="stmt"/>
          <line num="7" count="0" type="stmt"/>
          <line num="8" count="0" type="stmt"/>
          <line num="10" count="0" type="stmt"/>
          <line num="12" count="0" type="stmt"/>
          <line num="17" count="1" type="stmt"/>
          <line num="18" count="0" type="stmt"/>
          <line num="19" count="0" type="stmt"/>
          <line num="21" count="0" type="stmt"/>
          <line num="23" count="0" type="stmt"/>
          <line num="28" count="1" type="stmt"/>
          <line num="29" count="0" type="stmt"/>
          <line num="32" count="0" type="stmt"/>
          <line num="34" count="0" type="stmt"/>
        </file>
      </package>
      <package name="src.Components.Track">
        <metrics statements="22" coveredstatements="4" conditionals="4" coveredconditionals="0" methods="6" coveredmethods="0"/>
        <file name="Track.js" path="C:\VSCode Files\React\react-spotify-api\src\Components\Track\Track.js">
          <metrics statements="22" coveredstatements="4" conditionals="4" coveredconditionals="0" methods="6" coveredmethods="0"/>
          <line num="4" count="1" type="stmt"/>
          <line num="6" count="1" type="stmt"/>
          <line num="7" count="0" type="stmt"/>
          <line num="8" count="0" type="stmt"/>
          <line num="9" count="0" type="cond" truecount="0" falsecount="2"/>
          <line num="10" count="0" type="stmt"/>
          <line num="12" count="0" type="stmt"/>
          <line num="15" count="0" type="stmt"/>
          <line num="17" count="0" type="stmt"/>
          <line num="22" count="1" type="stmt"/>
          <line num="23" count="0" type="stmt"/>
          <line num="24" count="0" type="stmt"/>
          <line num="25" count="0" type="cond" truecount="0" falsecount="2"/>
          <line num="26" count="0" type="stmt"/>
          <line num="28" count="0" type="stmt"/>
          <line num="31" count="0" type="stmt"/>
          <line num="33" count="0" type="stmt"/>
          <line num="38" count="1" type="stmt"/>
          <line num="39" count="0" type="stmt"/>
          <line num="40" count="0" type="stmt"/>
          <line num="42" count="0" type="stmt"/>
          <line num="44" count="0" type="stmt"/>
        </file>
      </package>
      <package name="src.Components.User">
        <metrics statements="16" coveredstatements="3" conditionals="4" coveredconditionals="0" methods="4" coveredmethods="0"/>
        <file name="User.js" path="C:\VSCode Files\React\react-spotify-api\src\Components\User\User.js">
          <metrics statements="16" coveredstatements="3" conditionals="4" coveredconditionals="0" methods="4" coveredmethods="0"/>
          <line num="4" count="1" type="stmt"/>
          <line num="6" count="1" type="stmt"/>
          <line num="7" count="0" type="stmt"/>
          <line num="8" count="0" type="cond" truecount="0" falsecount="2"/>
          <line num="9" count="0" type="stmt"/>
          <line num="11" count="0" type="stmt"/>
          <line num="14" count="0" type="stmt"/>
          <line num="16" count="0" type="stmt"/>
          <line num="21" count="1" type="stmt"/>
          <line num="22" count="0" type="stmt"/>
          <line num="23" count="0" type="cond" truecount="0" falsecount="2"/>
          <line num="24" count="0" type="stmt"/>
          <line num="26" count="0" type="stmt"/>
          <line num="28" count="0" type="stmt"/>
          <line num="30" count="0" type="stmt"/>
          <line num="32" count="0" type="stmt"/>
        </file>
      </package>
    </metrics>
  </project>
</coverage>
