TN:
SF:C:\VSCode Files\React\react-spotify-api\src\index.js
FNF:0
FNH:0
DA:8,1
LF:1
LH:1
BRF:0
BRH:0
end_of_record
TN:
SF:C:\VSCode Files\React\react-spotify-api\src\Components\Album\Album.js
FN:6,(anonymous_0)
FN:17,(anonymous_1)
FN:22,(anonymous_2)
FN:28,(anonymous_3)
FNF:4
FNH:1
FNDA:2,(anonymous_0)
FNDA:0,(anonymous_1)
FNDA:0,(anonymous_2)
FNDA:0,(anonymous_3)
DA:4,1
DA:6,1
DA:7,2
DA:8,2
DA:9,2
DA:10,0
DA:12,2
DA:15,2
DA:17,0
DA:22,1
DA:23,0
DA:24,0
DA:26,0
DA:28,0
LF:14
LH:8
BRDA:9,0,0,0
BRDA:9,0,1,2
BRF:2
BRH:1
end_of_record
TN:
SF:C:\VSCode Files\React\react-spotify-api\src\Components\ApiRequest\ApiRequest.js
FN:10,(anonymous_0)
FN:18,(anonymous_1)
FN:21,(anonymous_2)
FN:26,(anonymous_3)
FNF:4
FNH:3
FNDA:2,(anonymous_0)
FNDA:0,(anonymous_1)
FNDA:2,(anonymous_2)
FNDA:3,(anonymous_3)
DA:11,2
DA:19,0
DA:22,2
DA:27,3
LF:4
LH:3
BRF:0
BRH:0
end_of_record
TN:
SF:C:\VSCode Files\React\react-spotify-api\src\Components\ApiRequest\ApiRequestWrapper.js
FN:5,(anonymous_0)
FN:8,(anonymous_1)
FN:10,(anonymous_2)
FNF:3
FNH:0
FNDA:0,(anonymous_0)
FNDA:0,(anonymous_1)
FNDA:0,(anonymous_2)
DA:5,1
DA:6,0
DA:9,0
DA:11,0
LF:4
LH:1
BRF:0
BRH:0
end_of_record
TN:
SF:C:\VSCode Files\React\react-spotify-api\src\Components\Artist\Artist.js
FN:6,(anonymous_0)
FN:16,(anonymous_1)
FN:21,(anonymous_2)
FN:26,(anonymous_3)
FN:31,(anonymous_4)
FN:38,(anonymous_5)
FN:43,(anonymous_6)
FN:49,(anonymous_7)
FNF:8
FNH:0
FNDA:0,(anonymous_0)
FNDA:0,(anonymous_1)
FNDA:0,(anonymous_2)
FNDA:0,(anonymous_3)
FNDA:0,(anonymous_4)
FNDA:0,(anonymous_5)
FNDA:0,(anonymous_6)
FNDA:0,(anonymous_7)
DA:4,1
DA:6,1
DA:7,0
DA:8,0
DA:9,0
DA:10,0
DA:12,0
DA:14,0
DA:16,0
DA:21,1
DA:22,0
DA:23,0
DA:24,0
DA:26,0
DA:31,1
DA:32,0
DA:33,0
DA:36,0
DA:38,0
DA:43,1
DA:44,0
DA:45,0
DA:47,0
DA:49,0
LF:24
LH:5
BRDA:9,0,0,0
BRDA:9,0,1,0
BRF:2
BRH:0
end_of_record
TN:
SF:C:\VSCode Files\React\react-spotify-api\src\Components\Playlist\Playlist.js
FN:6,(anonymous_0)
FN:12,(anonymous_1)
FN:17,(anonymous_2)
FN:23,(anonymous_3)
FN:28,(anonymous_4)
FN:34,(anonymous_5)
FNF:6
FNH:0
FNDA:0,(anonymous_0)
FNDA:0,(anonymous_1)
FNDA:0,(anonymous_2)
FNDA:0,(anonymous_3)
FNDA:0,(anonymous_4)
FNDA:0,(anonymous_5)
DA:4,1
DA:6,1
DA:7,0
DA:8,0
DA:10,0
DA:12,0
DA:17,1
DA:18,0
DA:19,0
DA:21,0
DA:23,0
DA:28,1
DA:29,0
DA:32,0
DA:34,0
LF:15
LH:4
BRF:0
BRH:0
end_of_record
TN:
SF:C:\VSCode Files\React\react-spotify-api\src\Components\Track\Track.js
FN:6,(anonymous_0)
FN:17,(anonymous_1)
FN:22,(anonymous_2)
FN:33,(anonymous_3)
FN:38,(anonymous_4)
FN:44,(anonymous_5)
FNF:6
FNH:0
FNDA:0,(anonymous_0)
FNDA:0,(anonymous_1)
FNDA:0,(anonymous_2)
FNDA:0,(anonymous_3)
FNDA:0,(anonymous_4)
FNDA:0,(anonymous_5)
DA:4,1
DA:6,1
DA:7,0
DA:8,0
DA:9,0
DA:10,0
DA:12,0
DA:15,0
DA:17,0
DA:22,1
DA:23,0
DA:24,0
DA:25,0
DA:26,0
DA:28,0
DA:31,0
DA:33,0
DA:38,1
DA:39,0
DA:40,0
DA:42,0
DA:44,0
LF:22
LH:4
BRDA:9,0,0,0
BRDA:9,0,1,0
BRDA:25,1,0,0
BRDA:25,1,1,0
BRF:4
BRH:0
end_of_record
TN:
SF:C:\VSCode Files\React\react-spotify-api\src\Components\User\User.js
FN:6,(anonymous_0)
FN:16,(anonymous_1)
FN:21,(anonymous_2)
FN:32,(anonymous_3)
FNF:4
FNH:0
FNDA:0,(anonymous_0)
FNDA:0,(anonymous_1)
FNDA:0,(anonymous_2)
FNDA:0,(anonymous_3)
DA:4,1
DA:6,1
DA:7,0
DA:8,0
DA:9,0
DA:11,0
DA:14,0
DA:16,0
DA:21,1
DA:22,0
DA:23,0
DA:24,0
DA:26,0
DA:28,0
DA:30,0
DA:32,0
LF:16
LH:3
BRDA:8,0,0,0
BRDA:8,0,1,0
BRDA:23,1,0,0
BRDA:23,1,1,0
BRF:4
BRH:0
end_of_record
